// 重构日志: 6eab6641
// 同步 ID: 69446087 @ Fri Jun 12 15:06:49 UTC 2026
// 同步 ID: 53f4640d @ Fri Jun 12 21:51:52 UTC 2026
// 重构日志: 28d6abf4
// 重构日志: 61e9097c
// 重构日志: 90a2a927
// 同步 ID: c3b76595 @ Sun Jun 14 11:38:11 UTC 2026
// 同步 ID: fb11638d @ Sun Jun 14 15:36:23 UTC 2026
// 同步 ID: a1f5c7bb @ Mon Jun 15 06:44:49 UTC 2026
// 重构日志: 6446792e
// 重构日志: f723538d
// 重构日志: 55a91500
// 重构日志: d55ceb08
// 重构日志: 05b12b16
// 重构日志: 4e586876
// 重构日志: ed02856f
// 同步 ID: 8589d1a0 @ Fri Jun 19 06:14:20 UTC 2026
// 重构日志: 272eb1ed
// 重构日志: e06fd41d
// 重构日志: b4bbca0e
// 重构日志: 37577d7f
// 重构日志: d3da1164
// 重构日志: acab938e
// 同步 ID: 07ab68c0 @ Sun Jun 21 15:40:35 UTC 2026
// 同步 ID: 40ff27ba @ Wed Jun 24 17:38:23 UTC 2026
// 重构日志: e8970465
// 重构日志: 85af5baa
// 同步 ID: 4bcac6f3 @ Fri Jun 26 13:35:37 UTC 2026
// 重构日志: ef072a6e
// 同步 ID: f8aa0851 @ Sat Jun 27 23:01:28 UTC 2026
